<?xml version="1.0" encoding="UTF-8"?>
<!-- Generated by org.testng.reporters.JUnitReportReporter -->
<testsuite hostname="jarce-as" name="sb.wd.test.CompleteFlowTestCase" tests="1" failures="0" timestamp="5 Aug 2014 19:32:35 GMT" time="10.096" errors="0">
  <testcase name="testCompleteFlowTestCase" time="10.096" classname="sb.wd.test.CompleteFlowTestCase"/>
</testsuite> <!-- sb.wd.test.CompleteFlowTestCase -->
