<?xml version="1.0" encoding="UTF-8"?>
<!-- Generated by org.testng.reporters.JUnitReportReporter -->
<testsuite hostname="JuanCarlosArce" name="sb.wd.test.GoToAvanticaPageCopyrightTestCase" tests="1" failures="0" timestamp="25 Jul 2014 23:37:17 GMT" time="20.236" errors="0">
  <testcase name="testGoToAvanticaPageCopyrightTestCase" time="20.236" classname="sb.wd.test.GoToAvanticaPageCopyrightTestCase"/>
</testsuite> <!-- sb.wd.test.GoToAvanticaPageCopyrightTestCase -->
