<?xml version="1.0" encoding="UTF-8"?>
<!-- Generated by org.testng.reporters.JUnitReportReporter -->
<testsuite hostname="jarce-as" name="sb.wd.test.BrowseAllCategoriesAndResearchTestCase" tests="1" failures="0" timestamp="28 Jul 2014 15:26:38 GMT" time="15.220" errors="0">
  <testcase name="testBrowseAllCategoriesAndResearchTestCase" time="15.220" classname="sb.wd.test.BrowseAllCategoriesAndResearchTestCase"/>
</testsuite> <!-- sb.wd.test.BrowseAllCategoriesAndResearchTestCase -->
