<?xml version="1.0" encoding="UTF-8"?>
<!-- Generated by org.testng.reporters.JUnitReportReporter -->
<testsuite hostname="jarce-as" name="sb.wd.test.WhatsNewSelectingTestCase" tests="1" failures="0" timestamp="4 Aug 2014 22:34:27 GMT" time="8.396" errors="0">
  <testcase name="testWhatsNewSelectingTestCase" time="8.396" classname="sb.wd.test.WhatsNewSelectingTestCase"/>
</testsuite> <!-- sb.wd.test.WhatsNewSelectingTestCase -->
