<?xml version="1.0" encoding="UTF-8"?>
<!-- Generated by org.testng.reporters.JUnitReportReporter -->
<testsuite hostname="JuanCarlosArce" name="sb.wd.test.NavigateFooterLinksTest" tests="1" failures="0" timestamp="7 Aug 2014 03:41:15 GMT" time="15.312" errors="0">
  <testcase name="testNavigateFooterLinksTestCase" time="15.312" classname="sb.wd.test.NavigateFooterLinksTest"/>
</testsuite> <!-- sb.wd.test.NavigateFooterLinksTest -->
