<?xml version="1.0" encoding="UTF-8"?>
<!-- Generated by org.testng.reporters.JUnitReportReporter -->
<testsuite hostname="jarce-as" name="sb.wd.test.NavigateAllCategoriesTest" tests="1" failures="0" timestamp="7 Aug 2014 15:20:42 GMT" time="21.662" errors="0">
  <testcase name="testNavigateAllCategories" time="21.662" classname="sb.wd.test.NavigateAllCategoriesTest"/>
</testsuite> <!-- sb.wd.test.NavigateAllCategoriesTest -->
