<?xml version="1.0" encoding="UTF-8"?>
<!-- Generated by org.testng.reporters.JUnitReportReporter -->
<testsuite hostname="jarce-as" name="sb.wd.test.CompleteFlowTestCase" tests="1" failures="0" timestamp="28 Jul 2014 15:26:38 GMT" time="15.114" errors="0">
  <testcase name="testCompleteFlowTestCase" time="15.114" classname="sb.wd.test.CompleteFlowTestCase"/>
</testsuite> <!-- sb.wd.test.CompleteFlowTestCase -->
