<?xml version="1.0" encoding="UTF-8"?>
<!-- Generated by org.testng.reporters.JUnitReportReporter -->
<testsuite hostname="jarce-as" name="sb.wd.test.BrowseAllCategoriesAndResearchTestCase" tests="5" failures="0" timestamp="28 Jul 2014 17:20:39 GMT" time="62.442" errors="0">
  <testcase name="testBrowseAllCategoriesAndResearchTestCase" time="13.837" classname="sb.wd.test.BrowseAllCategoriesAndResearchTestCase"/>
  <testcase name="testBrowseAllCategoriesAndResearchTestCase" time="11.485" classname="sb.wd.test.BrowseAllCategoriesAndResearchTestCase"/>
  <testcase name="testBrowseAllCategoriesAndResearchTestCase" time="25.659" classname="sb.wd.test.BrowseAllCategoriesAndResearchTestCase"/>
  <testcase name="testBrowseAllCategoriesAndResearchTestCase" time="4.627" classname="sb.wd.test.BrowseAllCategoriesAndResearchTestCase"/>
  <testcase name="testBrowseAllCategoriesAndResearchTestCase" time="6.834" classname="sb.wd.test.BrowseAllCategoriesAndResearchTestCase"/>
</testsuite> <!-- sb.wd.test.BrowseAllCategoriesAndResearchTestCase -->
