<?xml version="1.0" encoding="UTF-8"?>
<!-- Generated by org.testng.reporters.JUnitReportReporter -->
<testsuite hostname="jarce-as" name="sb.wd.test.SearchSectionTestCase" tests="1" failures="0" timestamp="28 Jul 2014 15:26:38 GMT" time="8.055" errors="0">
  <testcase name="testSearchSectionTestCase" time="8.055" classname="sb.wd.test.SearchSectionTestCase"/>
</testsuite> <!-- sb.wd.test.SearchSectionTestCase -->
