<?xml version="1.0" encoding="UTF-8"?>
<!-- Generated by org.testng.reporters.JUnitReportReporter -->
<testsuite hostname="jarce-as" name="sb.wd.test.CompleteFlowTestCase" tests="1" failures="0" timestamp="7 Aug 2014 15:20:42 GMT" time="13.975" errors="0">
  <testcase name="testCompleteFlow" time="13.975" classname="sb.wd.test.CompleteFlowTestCase"/>
</testsuite> <!-- sb.wd.test.CompleteFlowTestCase -->
