<?xml version="1.0" encoding="UTF-8"?>
<!-- Generated by org.testng.reporters.JUnitReportReporter -->
<testsuite hostname="jarce-as" name="sb.wd.test.BrowseAllCategoriesAndResearchTest" tests="1" failures="0" timestamp="7 Aug 2014 15:17:49 GMT" time="5.464" errors="0">
  <testcase name="testBrowseAllCategoriesAndResearch" time="5.464" classname="sb.wd.test.BrowseAllCategoriesAndResearchTest"/>
</testsuite> <!-- sb.wd.test.BrowseAllCategoriesAndResearchTest -->
