<?xml version="1.0" encoding="UTF-8"?>
<!-- Generated by org.testng.reporters.JUnitReportReporter -->
<testsuite hostname="jarce-as" name="sb.wd.test.WhatsNewSelectingTest" tests="1" failures="0" timestamp="4 Aug 2014 22:35:14 GMT" time="5.042" errors="0">
  <testcase name="testWhatsNewSelectingTestCase" time="5.042" classname="sb.wd.test.WhatsNewSelectingTest"/>
</testsuite> <!-- sb.wd.test.WhatsNewSelectingTest -->
