<?xml version="1.0" encoding="UTF-8"?>
<!-- Generated by org.testng.reporters.JUnitReportReporter -->
<testsuite hostname="jarce-as" name="sb.wd.test.NavigateAllTabsTest" tests="1" failures="0" timestamp="7 Aug 2014 15:17:49 GMT" time="11.985" errors="0">
  <testcase name="testNavigateAllTabs" time="11.985" classname="sb.wd.test.NavigateAllTabsTest"/>
</testsuite> <!-- sb.wd.test.NavigateAllTabsTest -->
