<?xml version="1.0" encoding="UTF-8"?>
<!-- Generated by org.testng.reporters.JUnitReportReporter -->
<testsuite hostname="JuanCarlosArce" name="sb.wd.test.BrowseAllCategoriesAndResearchTestCase" tests="1" failures="0" timestamp="25 Jul 2014 23:37:17 GMT" time="27.394" errors="0">
  <testcase name="testBrowseAllCategoriesAndResearchTestCase" time="27.394" classname="sb.wd.test.BrowseAllCategoriesAndResearchTestCase"/>
</testsuite> <!-- sb.wd.test.BrowseAllCategoriesAndResearchTestCase -->
