<?xml version="1.0" encoding="UTF-8"?>
<!-- Generated by org.testng.reporters.JUnitReportReporter -->
<testsuite hostname="JuanCarlosArce" name="sb.wd.test.BrowseAllCategoriesAndResearchTestCase" tests="1" failures="0" timestamp="26 Jul 2014 06:02:42 GMT" time="14.791" errors="0">
  <testcase name="testBrowseAllCategoriesAndResearchTestCase" time="14.791" classname="sb.wd.test.BrowseAllCategoriesAndResearchTestCase"/>
</testsuite> <!-- sb.wd.test.BrowseAllCategoriesAndResearchTestCase -->
