<?xml version="1.0" encoding="UTF-8"?>
<!-- Generated by org.testng.reporters.JUnitReportReporter -->
<testsuite hostname="JuanCarlosArce" name="sb.wd.test.SearchSectionTestCase" tests="1" failures="0" timestamp="25 Jul 2014 23:37:17 GMT" time="18.873" errors="0">
  <testcase name="testSearchSectionTestCase" time="18.873" classname="sb.wd.test.SearchSectionTestCase"/>
</testsuite> <!-- sb.wd.test.SearchSectionTestCase -->
