<?xml version="1.0" encoding="UTF-8"?>
<!-- Generated by org.testng.reporters.JUnitReportReporter -->
<testsuite hostname="jarce-as" name="sb.wd.test.GoToAvanticaPageCopyrightTest" tests="1" failures="0" timestamp="7 Aug 2014 15:17:49 GMT" time="9.224" errors="0">
  <testcase name="testGoToAvanticaPageCopyright" time="9.224" classname="sb.wd.test.GoToAvanticaPageCopyrightTest"/>
</testsuite> <!-- sb.wd.test.GoToAvanticaPageCopyrightTest -->
