<?xml version="1.0" encoding="UTF-8"?>
<!-- Generated by org.testng.reporters.JUnitReportReporter -->
<testsuite hostname="jarce-as" name="sb.wd.test.NavigateAllCategoriesTestCase" tests="1" failures="0" timestamp="4 Aug 2014 23:28:48 GMT" time="11.632" errors="0">
  <testcase name="testNavigateAllCategoriesTestCase" time="11.632" classname="sb.wd.test.NavigateAllCategoriesTestCase"/>
</testsuite> <!-- sb.wd.test.NavigateAllCategoriesTestCase -->
