<?xml version="1.0" encoding="UTF-8"?>
<!-- Generated by org.testng.reporters.JUnitReportReporter -->
<testsuite hostname="jarce-as" name="sb.wd.test.NavigateFooterLinksTest" tests="1" failures="0" timestamp="7 Aug 2014 15:17:49 GMT" time="13.925" errors="0">
  <testcase name="testNavigateFooterLinks" time="13.925" classname="sb.wd.test.NavigateFooterLinksTest"/>
</testsuite> <!-- sb.wd.test.NavigateFooterLinksTest -->
