<?xml version="1.0" encoding="UTF-8"?>
<!-- Generated by org.testng.reporters.JUnitReportReporter -->
<testsuite hostname="jarce-as" name="sb.wd.test.NavigateAllTabsTestCase" tests="1" failures="0" timestamp="5 Aug 2014 15:50:47 GMT" time="6.677" errors="0">
  <testcase name="testNavigateAllTabs" time="6.677" classname="sb.wd.test.NavigateAllTabsTestCase"/>
</testsuite> <!-- sb.wd.test.NavigateAllTabsTestCase -->
