<?xml version="1.0" encoding="UTF-8"?>
<!-- Generated by org.testng.reporters.JUnitReportReporter -->
<testsuite hostname="jarce-as" name="sb.wd.test.NavigateAllCategoriesTestCase" tests="1" failures="0" timestamp="28 Jul 2014 17:20:39 GMT" time="32.077" errors="0">
  <testcase name="testNavigateAllCategoriesTestCase" time="32.077" classname="sb.wd.test.NavigateAllCategoriesTestCase"/>
</testsuite> <!-- sb.wd.test.NavigateAllCategoriesTestCase -->
