<?xml version="1.0" encoding="UTF-8"?>
<!-- Generated by org.testng.reporters.JUnitReportReporter -->
<testsuite hostname="jarce-as" name="sb.wd.test.NavigateAllCategoriesTest" tests="1" failures="0" timestamp="5 Aug 2014 16:45:45 GMT" time="10.487" errors="0">
  <testcase name="testNavigateAllCategoriesTestCase" time="10.487" classname="sb.wd.test.NavigateAllCategoriesTest"/>
</testsuite> <!-- sb.wd.test.NavigateAllCategoriesTest -->
