<?xml version="1.0" encoding="UTF-8"?>
<!-- Generated by org.testng.reporters.JUnitReportReporter -->
<testsuite hostname="JuanCarlosArce" name="sb.wd.test.GoToAvanticaPageCopyrightTest" tests="1" failures="0" timestamp="7 Aug 2014 03:39:46 GMT" time="22.648" errors="0">
  <testcase name="testGoToAvanticaPageCopyrightTestCase" time="22.648" classname="sb.wd.test.GoToAvanticaPageCopyrightTest"/>
</testsuite> <!-- sb.wd.test.GoToAvanticaPageCopyrightTest -->
