<?xml version="1.0" encoding="UTF-8"?>
<!-- Generated by org.testng.reporters.JUnitReportReporter -->
<testsuite hostname="JuanCarlosArce" name="sb.wd.test.NavigateAllCategoriesTest" tests="1" failures="0" timestamp="7 Aug 2014 03:40:24 GMT" time="25.038" errors="0">
  <testcase name="testNavigateAllCategoriesTestCase" time="25.038" classname="sb.wd.test.NavigateAllCategoriesTest"/>
</testsuite> <!-- sb.wd.test.NavigateAllCategoriesTest -->
