<?xml version="1.0" encoding="UTF-8"?>
<!-- Generated by org.testng.reporters.JUnitReportReporter -->
<testsuite hostname="jarce-as" name="sb.wd.test.CompleteFlowTestCase" tests="1" failures="0" timestamp="6 Aug 2014 00:02:44 GMT" time="11.810" errors="0">
  <testcase name="testCompleteFlowTestCase" time="11.810" classname="sb.wd.test.CompleteFlowTestCase"/>
</testsuite> <!-- sb.wd.test.CompleteFlowTestCase -->
