<?xml version="1.0" encoding="UTF-8"?>
<!-- Generated by org.testng.reporters.JUnitReportReporter -->
<testsuite hostname="jarce-as" name="sb.wd.test.NavigateFooterLinksTestCase" tests="1" failures="0" timestamp="28 Jul 2014 17:20:39 GMT" time="18.153" errors="0">
  <testcase name="testNavigateFooterLinksTestCase" time="18.153" classname="sb.wd.test.NavigateFooterLinksTestCase"/>
</testsuite> <!-- sb.wd.test.NavigateFooterLinksTestCase -->
