<?xml version="1.0" encoding="UTF-8"?>
<!-- Generated by org.testng.reporters.JUnitReportReporter -->
<testsuite hostname="jarce-as" name="sb.wd.test.NavigateFooterLinksTest" tests="1" failures="0" timestamp="6 Aug 2014 00:06:47 GMT" time="6.650" errors="0">
  <testcase name="testNavigateFooterLinksTestCase" time="6.650" classname="sb.wd.test.NavigateFooterLinksTest"/>
</testsuite> <!-- sb.wd.test.NavigateFooterLinksTest -->
