<?xml version="1.0" encoding="UTF-8"?>
<!-- Generated by org.testng.reporters.JUnitReportReporter -->
<testsuite hostname="jarce-as" name="sb.wd.test.CompleteFlowTestCase" tests="1" failures="0" timestamp="7 Aug 2014 15:17:49 GMT" time="20.668" errors="0">
  <testcase name="testCompleteFlow" time="20.668" classname="sb.wd.test.CompleteFlowTestCase"/>
</testsuite> <!-- sb.wd.test.CompleteFlowTestCase -->
