<?xml version="1.0" encoding="UTF-8"?>
<!-- Generated by org.testng.reporters.JUnitReportReporter -->
<testsuite hostname="JuanCarlosArce" name="sb.wd.test.CompleteFlowTestCase" tests="1" failures="0" timestamp="7 Aug 2014 03:39:16 GMT" time="18.439" errors="0">
  <testcase name="testCompleteFlowTestCase" time="18.439" classname="sb.wd.test.CompleteFlowTestCase"/>
</testsuite> <!-- sb.wd.test.CompleteFlowTestCase -->
