<?xml version="1.0" encoding="UTF-8"?>
<!-- Generated by org.testng.reporters.JUnitReportReporter -->
<testsuite hostname="jarce-as" name="sb.wd.test.NavigateAllTabsTestCase" tests="1" failures="0" timestamp="28 Jul 2014 15:26:38 GMT" time="9.809" errors="0">
  <testcase name="testNavigateAllTabs" time="9.809" classname="sb.wd.test.NavigateAllTabsTestCase"/>
</testsuite> <!-- sb.wd.test.NavigateAllTabsTestCase -->
