<?xml version="1.0" encoding="UTF-8"?>
<!-- Generated by org.testng.reporters.JUnitReportReporter -->
<testsuite hostname="jarce-as" name="sb.wd.test.WhatsNewSelectingTest" tests="1" failures="0" timestamp="7 Aug 2014 15:17:49 GMT" time="9.216" errors="0">
  <testcase name="testWhatsNewSelecting" time="9.216" classname="sb.wd.test.WhatsNewSelectingTest"/>
</testsuite> <!-- sb.wd.test.WhatsNewSelectingTest -->
