<?xml version="1.0" encoding="UTF-8"?>
<!-- Generated by org.testng.reporters.JUnitReportReporter -->
<testsuite hostname="jarce-as" name="sb.wd.test.BrowseAllCategoriesAndResearchTest" tests="1" failures="0" timestamp="7 Aug 2014 15:20:42 GMT" time="4.911" errors="0">
  <testcase name="testBrowseAllCategoriesAndResearch" time="4.911" classname="sb.wd.test.BrowseAllCategoriesAndResearchTest"/>
</testsuite> <!-- sb.wd.test.BrowseAllCategoriesAndResearchTest -->
