<?xml version="1.0" encoding="UTF-8"?>
<!-- Generated by org.testng.reporters.JUnitReportReporter -->
<testsuite hostname="jarce-as" name="sb.wd.test.NavigateAllCategoriesTest" tests="1" failures="0" timestamp="4 Aug 2014 23:30:28 GMT" time="10.247" errors="0">
  <testcase name="testNavigateAllCategoriesTestCase" time="10.247" classname="sb.wd.test.NavigateAllCategoriesTest"/>
</testsuite> <!-- sb.wd.test.NavigateAllCategoriesTest -->
