<?xml version="1.0" encoding="UTF-8"?>
<!-- Generated by org.testng.reporters.JUnitReportReporter -->
<testsuite hostname="jarce-as" name="sb.wd.test.SearchSectionTest" tests="1" failures="0" timestamp="7 Aug 2014 15:20:42 GMT" time="9.770" errors="0">
  <testcase name="testSearchSection" time="9.770" classname="sb.wd.test.SearchSectionTest"/>
</testsuite> <!-- sb.wd.test.SearchSectionTest -->
