<?xml version="1.0" encoding="UTF-8"?>
<!-- Generated by org.testng.reporters.JUnitReportReporter -->
<testsuite hostname="JuanCarlosArce" name="sb.wd.test.NavigateFooterLinksTestCase" tests="1" failures="0" timestamp="25 Jul 2014 23:37:17 GMT" time="25.536" errors="0">
  <testcase name="testNavigateFooterLinksTestCase" time="25.536" classname="sb.wd.test.NavigateFooterLinksTestCase"/>
</testsuite> <!-- sb.wd.test.NavigateFooterLinksTestCase -->
