<?xml version="1.0" encoding="UTF-8"?>
<!-- Generated by org.testng.reporters.JUnitReportReporter -->
<testsuite hostname="JuanCarlosArce" name="sb.wd.test.CompleteFlowTestCase" tests="1" failures="0" timestamp="25 Jul 2014 23:38:09 GMT" time="21.573" errors="0">
  <testcase name="testCompleteFlowTestCase" time="21.573" classname="sb.wd.test.CompleteFlowTestCase"/>
</testsuite> <!-- sb.wd.test.CompleteFlowTestCase -->
