<?xml version="1.0" encoding="UTF-8"?>
<!-- Generated by org.testng.reporters.JUnitReportReporter -->
<testsuite hostname="jarce-as" name="sb.wd.test.WhatsNewSelectingTestCase" tests="1" failures="0" timestamp="28 Jul 2014 17:20:39 GMT" time="13.827" errors="0">
  <testcase name="testWhatsNewSelectingTestCase" time="13.827" classname="sb.wd.test.WhatsNewSelectingTestCase"/>
</testsuite> <!-- sb.wd.test.WhatsNewSelectingTestCase -->
