<?xml version="1.0" encoding="UTF-8"?>
<!-- Generated by org.testng.reporters.JUnitReportReporter -->
<testsuite hostname="JuanCarlosArce" name="sb.wd.test.NavigateAllTabsTestCase" tests="1" failures="0" timestamp="25 Jul 2014 23:38:40 GMT" time="18.364" errors="0">
  <testcase name="testNavigateAllTabs" time="18.364" classname="sb.wd.test.NavigateAllTabsTestCase"/>
</testsuite> <!-- sb.wd.test.NavigateAllTabsTestCase -->
