<?xml version="1.0" encoding="UTF-8"?>
<!-- Generated by org.testng.reporters.JUnitReportReporter -->
<testsuite hostname="JuanCarlosArce" name="sb.wd.test.WhatsNewSelectingTest" tests="1" failures="0" timestamp="7 Aug 2014 03:41:53 GMT" time="11.480" errors="0">
  <testcase name="testWhatsNewSelectingTestCase" time="11.480" classname="sb.wd.test.WhatsNewSelectingTest"/>
</testsuite> <!-- sb.wd.test.WhatsNewSelectingTest -->
