<?xml version="1.0" encoding="UTF-8"?>
<!-- Generated by org.testng.reporters.JUnitReportReporter -->
<testsuite hostname="JuanCarlosArce" name="sb.wd.test.SearchSectionTest" tests="1" failures="0" timestamp="7 Aug 2014 03:41:34 GMT" time="12.128" errors="0">
  <testcase name="testSearchSectionTestCase" time="12.128" classname="sb.wd.test.SearchSectionTest"/>
</testsuite> <!-- sb.wd.test.SearchSectionTest -->
