<?xml version="1.0" encoding="UTF-8"?>
<!-- Generated by org.testng.reporters.JUnitReportReporter -->
<testsuite hostname="jarce-as" name="sb.wd.test.NavigateAllCategoriesTestCase" tests="1" failures="0" timestamp="28 Jul 2014 15:26:38 GMT" time="10.180" errors="0">
  <testcase name="testNavigateAllCategoriesTestCase" time="10.180" classname="sb.wd.test.NavigateAllCategoriesTestCase"/>
</testsuite> <!-- sb.wd.test.NavigateAllCategoriesTestCase -->
