<?xml version="1.0" encoding="UTF-8"?>
<!-- Generated by org.testng.reporters.JUnitReportReporter -->
<testsuite hostname="jarce-as" name="sb.wd.test.NavigateAllTabsTest" tests="1" failures="0" timestamp="6 Aug 2014 00:02:24 GMT" time="7.583" errors="0">
  <testcase name="testNavigateAllTabs" time="7.583" classname="sb.wd.test.NavigateAllTabsTest"/>
</testsuite> <!-- sb.wd.test.NavigateAllTabsTest -->
