<?xml version="1.0" encoding="UTF-8"?>
<!-- Generated by org.testng.reporters.JUnitReportReporter -->
<testsuite hostname="jarce-as" name="sb.wd.test.GoToAvanticaPageCopyrightTestCase" tests="1" failures="0" timestamp="28 Jul 2014 15:26:38 GMT" time="10.190" errors="0">
  <testcase name="testGoToAvanticaPageCopyrightTestCase" time="10.190" classname="sb.wd.test.GoToAvanticaPageCopyrightTestCase"/>
</testsuite> <!-- sb.wd.test.GoToAvanticaPageCopyrightTestCase -->
