<?xml version="1.0" encoding="UTF-8"?>
<!-- Generated by org.testng.reporters.JUnitReportReporter -->
<testsuite hostname="JuanCarlosArce" name="sb.wd.test.NavigateAllTabsTest" tests="1" failures="0" timestamp="7 Aug 2014 03:40:48 GMT" time="16.365" errors="0">
  <testcase name="testNavigateAllTabs" time="16.365" classname="sb.wd.test.NavigateAllTabsTest"/>
</testsuite> <!-- sb.wd.test.NavigateAllTabsTest -->
