<?xml version="1.0" encoding="UTF-8"?>
<!-- Generated by org.testng.reporters.JUnitReportReporter -->
<testsuite hostname="jarce-as" name="sb.wd.test.SearchSectionTestCase" tests="1" failures="0" timestamp="4 Aug 2014 20:34:32 GMT" time="5.534" errors="0">
  <testcase name="testSearchSectionTestCase" time="5.534" classname="sb.wd.test.SearchSectionTestCase"/>
</testsuite> <!-- sb.wd.test.SearchSectionTestCase -->
