<?xml version="1.0" encoding="UTF-8"?>
<!-- Generated by org.testng.reporters.JUnitReportReporter -->
<testsuite hostname="JuanCarlosArce" name="sb.wd.test.BrowseAllCategoriesAndResearchTest" tests="1" failures="0" timestamp="7 Aug 2014 03:38:46 GMT" time="15.364" errors="0">
  <testcase name="testBrowseAllCategoriesAndResearchTestCase" time="15.364" classname="sb.wd.test.BrowseAllCategoriesAndResearchTest"/>
</testsuite> <!-- sb.wd.test.BrowseAllCategoriesAndResearchTest -->
