<?xml version="1.0" encoding="UTF-8"?>
<!-- Generated by org.testng.reporters.JUnitReportReporter -->
<testsuite hostname="JuanCarlosArce" name="sb.wd.test.NavigateAllCategoriesTestCase" tests="1" failures="0" timestamp="25 Jul 2014 23:37:17 GMT" time="31.245" errors="0">
  <testcase name="testNavigateAllCategoriesTestCase" time="31.245" classname="sb.wd.test.NavigateAllCategoriesTestCase"/>
</testsuite> <!-- sb.wd.test.NavigateAllCategoriesTestCase -->
