<?xml version="1.0" encoding="UTF-8"?>
<!-- Generated by org.testng.reporters.JUnitReportReporter -->
<testsuite hostname="jarce-as" name="sb.wd.test.GoToAvanticaPageCopyrightTestCase" tests="1" failures="0" timestamp="28 Jul 2014 17:20:39 GMT" time="8.985" errors="0">
  <testcase name="testGoToAvanticaPageCopyrightTestCase" time="8.985" classname="sb.wd.test.GoToAvanticaPageCopyrightTestCase"/>
</testsuite> <!-- sb.wd.test.GoToAvanticaPageCopyrightTestCase -->
